{"$message_type":"diagnostic","message":"the trait bound `chrono::datetime::DateTime<chrono::offset::utc::Utc>: sqlx::Encode<'_, _>` is not satisfied","code":{"code":"E0277","explanation":"You tried to use a type which doesn't implement some trait in a place which\nexpected that trait.\n\nErroneous code example:\n\n```compile_fail,E0277\n// here we declare the Foo trait with a bar method\ntrait Foo {\n    fn bar(&self);\n}\n\n// we now declare a function which takes an object implementing the Foo trait\nfn some_func<T: Foo>(foo: T) {\n    foo.bar();\n}\n\nfn main() {\n    // we now call the method with the i32 type, which doesn't implement\n    // the Foo trait\n    some_func(5i32); // error: the trait bound `i32 : Foo` is not satisfied\n}\n```\n\nIn order to fix this error, verify that the type you're using does implement\nthe trait. Example:\n\n```\ntrait Foo {\n    fn bar(&self);\n}\n\n// we implement the trait on the i32 type\nimpl Foo for i32 {\n    fn bar(&self) {}\n}\n\nfn some_func<T: Foo>(foo: T) {\n    foo.bar(); // we can now use this method since i32 implements the\n               // Foo trait\n}\n\nfn main() {\n    some_func(5i32); // ok!\n}\n```\n\nOr in a generic context, an erroneous code example would look like:\n\n```compile_fail,E0277\nfn some_func<T>(foo: T) {\n    println!(\"{:?}\", foo); // error: the trait `core::fmt::Debug` is not\n                           //        implemented for the type `T`\n}\n\nfn main() {\n    // We now call the method with the i32 type,\n    // which *does* implement the Debug trait.\n    some_func(5i32);\n}\n```\n\nNote that the error here is in the definition of the generic function. Although\nwe only call it with a parameter that does implement `Debug`, the compiler\nstill rejects the function. It must work with all possible input types. In\norder to make this example compile, we need to restrict the generic type we're\naccepting:\n\n```\nuse std::fmt;\n\n// Restrict the input type to types that implement Debug.\nfn some_func<T: fmt::Debug>(foo: T) {\n    println!(\"{:?}\", foo);\n}\n\nfn main() {\n    // Calling the method is still fine, as i32 implements Debug.\n    some_func(5i32);\n\n    // This would fail to compile now:\n    // struct WithoutDebug;\n    // some_func(WithoutDebug);\n}\n```\n\nRust only looks at the signature of the called function, as such it must\nalready specify all requirements that will be used for every type parameter.\n"},"level":"error","spans":[{"file_name":"crates/storage/src/lib.rs","byte_start":2192,"byte_end":2212,"line_start":78,"line_end":78,"column_start":15,"column_end":35,"is_primary":true,"text":[{"text":"        .bind(article.published_at)","highlight_start":15,"highlight_end":35}],"label":"the trait `sqlx::Encode<'_, _>` is not implemented for `chrono::datetime::DateTime<chrono::offset::utc::Utc>`","suggested_replacement":null,"suggestion_applicability":null,"expansion":null},{"file_name":"crates/storage/src/lib.rs","byte_start":2187,"byte_end":2191,"line_start":78,"line_end":78,"column_start":10,"column_end":14,"is_primary":false,"text":[{"text":"        .bind(article.published_at)","highlight_start":10,"highlight_end":14}],"label":"required by a bound introduced by this call","suggested_replacement":null,"suggestion_applicability":null,"expansion":null}],"children":[{"message":"the following other types implement trait `sqlx::Encode<'q, DB>`:\n  `&'a str` implements `sqlx::Encode<'a, sqlx::Any>`\n  `&'q [u8]` implements `sqlx::Encode<'q, Sqlite>`\n  `&'q [u8]` implements `sqlx::Encode<'q, sqlx::Any>`\n  `&'q str` implements `sqlx::Encode<'q, Sqlite>`\n  `&T` implements `sqlx::Encode<'q, DB>`\n  `Box<[u8]>` implements `sqlx::Encode<'_, Sqlite>`\n  `Box<str>` implements `sqlx::Encode<'_, Sqlite>`\n  `Cow<'q, str>` implements `sqlx::Encode<'q, Sqlite>`\nand 33 others","code":null,"level":"help","spans":[],"children":[],"rendered":null},{"message":"required by a bound in `Query::<'q, DB, <DB as sqlx::Database>::Arguments<'q>>::bind`","code":null,"level":"note","spans":[{"file_name":"/Users/yoonsoochang/.cargo/registry/src/index.crates.io-1949cf8c6b5b557f/sqlx-core-0.8.6/src/query.rs","byte_start":3088,"byte_end":3102,"line_start":86,"line_end":86,"column_start":25,"column_end":39,"is_primary":true,"text":[{"text":"    pub fn bind<T: 'q + Encode<'q, DB> + Type<DB>>(mut self, value: T) -> Self {","highlight_start":25,"highlight_end":39}],"label":"required by this bound in `Query::<'q, DB, <DB as Database>::Arguments<'q>>::bind`","suggested_replacement":null,"suggestion_applicability":null,"expansion":null}],"children":[],"rendered":null}],"rendered":"\u001b[1m\u001b[91merror[E0277]\u001b[0m\u001b[1m: the trait bound `chrono::datetime::DateTime<chrono::offset::utc::Utc>: sqlx::Encode<'_, _>` is not satisfied\u001b[0m\n  \u001b[1m\u001b[94m--> \u001b[0mcrates/storage/src/lib.rs:78:15\n   \u001b[1m\u001b[94m|\u001b[0m\n\u001b[1m\u001b[94m78\u001b[0m \u001b[1m\u001b[94m|\u001b[0m         .bind(article.published_at)\n   \u001b[1m\u001b[94m|\u001b[0m          \u001b[1m\u001b[94m----\u001b[0m \u001b[1m\u001b[91m^^^^^^^^^^^^^^^^^^^^\u001b[0m \u001b[1m\u001b[91mthe trait `sqlx::Encode<'_, _>` is not implemented for `chrono::datetime::DateTime<chrono::offset::utc::Utc>`\u001b[0m\n   \u001b[1m\u001b[94m|\u001b[0m          \u001b[1m\u001b[94m|\u001b[0m\n   \u001b[1m\u001b[94m|\u001b[0m          \u001b[1m\u001b[94mrequired by a bound introduced by this call\u001b[0m\n   \u001b[1m\u001b[94m|\u001b[0m\n   \u001b[1m\u001b[94m= \u001b[0m\u001b[1mhelp\u001b[0m: the following other types implement trait `sqlx::Encode<'q, DB>`:\n             `&'a str` implements `sqlx::Encode<'a, sqlx::Any>`\n             `&'q [u8]` implements `sqlx::Encode<'q, Sqlite>`\n             `&'q [u8]` implements `sqlx::Encode<'q, sqlx::Any>`\n             `&'q str` implements `sqlx::Encode<'q, Sqlite>`\n             `&T` implements `sqlx::Encode<'q, DB>`\n             `Box<[u8]>` implements `sqlx::Encode<'_, Sqlite>`\n             `Box<str>` implements `sqlx::Encode<'_, Sqlite>`\n             `Cow<'q, str>` implements `sqlx::Encode<'q, Sqlite>`\n           and 33 others\n\u001b[1m\u001b[92mnote\u001b[0m: required by a bound in `Query::<'q, DB, <DB as sqlx::Database>::Arguments<'q>>::bind`\n  \u001b[1m\u001b[94m--> \u001b[0m/Users/yoonsoochang/.cargo/registry/src/index.crates.io-1949cf8c6b5b557f/sqlx-core-0.8.6/src/query.rs:86:25\n   \u001b[1m\u001b[94m|\u001b[0m\n\u001b[1m\u001b[94m86\u001b[0m \u001b[1m\u001b[94m|\u001b[0m     pub fn bind<T: 'q + Encode<'q, DB> + Type<DB>>(mut self, value: T) -> Self {\n   \u001b[1m\u001b[94m|\u001b[0m                         \u001b[1m\u001b[92m^^^^^^^^^^^^^^\u001b[0m \u001b[1m\u001b[92mrequired by this bound in `Query::<'q, DB, <DB as Database>::Arguments<'q>>::bind`\u001b[0m\n\n"}
{"$message_type":"diagnostic","message":"the trait bound `chrono::datetime::DateTime<chrono::offset::utc::Utc>: Type<_>` is not satisfied","code":{"code":"E0277","explanation":"You tried to use a type which doesn't implement some trait in a place which\nexpected that trait.\n\nErroneous code example:\n\n```compile_fail,E0277\n// here we declare the Foo trait with a bar method\ntrait Foo {\n    fn bar(&self);\n}\n\n// we now declare a function which takes an object implementing the Foo trait\nfn some_func<T: Foo>(foo: T) {\n    foo.bar();\n}\n\nfn main() {\n    // we now call the method with the i32 type, which doesn't implement\n    // the Foo trait\n    some_func(5i32); // error: the trait bound `i32 : Foo` is not satisfied\n}\n```\n\nIn order to fix this error, verify that the type you're using does implement\nthe trait. Example:\n\n```\ntrait Foo {\n    fn bar(&self);\n}\n\n// we implement the trait on the i32 type\nimpl Foo for i32 {\n    fn bar(&self) {}\n}\n\nfn some_func<T: Foo>(foo: T) {\n    foo.bar(); // we can now use this method since i32 implements the\n               // Foo trait\n}\n\nfn main() {\n    some_func(5i32); // ok!\n}\n```\n\nOr in a generic context, an erroneous code example would look like:\n\n```compile_fail,E0277\nfn some_func<T>(foo: T) {\n    println!(\"{:?}\", foo); // error: the trait `core::fmt::Debug` is not\n                           //        implemented for the type `T`\n}\n\nfn main() {\n    // We now call the method with the i32 type,\n    // which *does* implement the Debug trait.\n    some_func(5i32);\n}\n```\n\nNote that the error here is in the definition of the generic function. Although\nwe only call it with a parameter that does implement `Debug`, the compiler\nstill rejects the function. It must work with all possible input types. In\norder to make this example compile, we need to restrict the generic type we're\naccepting:\n\n```\nuse std::fmt;\n\n// Restrict the input type to types that implement Debug.\nfn some_func<T: fmt::Debug>(foo: T) {\n    println!(\"{:?}\", foo);\n}\n\nfn main() {\n    // Calling the method is still fine, as i32 implements Debug.\n    some_func(5i32);\n\n    // This would fail to compile now:\n    // struct WithoutDebug;\n    // some_func(WithoutDebug);\n}\n```\n\nRust only looks at the signature of the called function, as such it must\nalready specify all requirements that will be used for every type parameter.\n"},"level":"error","spans":[{"file_name":"crates/storage/src/lib.rs","byte_start":2192,"byte_end":2212,"line_start":78,"line_end":78,"column_start":15,"column_end":35,"is_primary":true,"text":[{"text":"        .bind(article.published_at)","highlight_start":15,"highlight_end":35}],"label":"the trait `Type<_>` is not implemented for `chrono::datetime::DateTime<chrono::offset::utc::Utc>`","suggested_replacement":null,"suggestion_applicability":null,"expansion":null},{"file_name":"crates/storage/src/lib.rs","byte_start":2187,"byte_end":2191,"line_start":78,"line_end":78,"column_start":10,"column_end":14,"is_primary":false,"text":[{"text":"        .bind(article.published_at)","highlight_start":10,"highlight_end":14}],"label":"required by a bound introduced by this call","suggested_replacement":null,"suggestion_applicability":null,"expansion":null}],"children":[{"message":"the following other types implement trait `Type<DB>`:\n  `&T` implements `Type<DB>`\n  `Box<[u8]>` implements `Type<Sqlite>`\n  `Box<str>` implements `Type<Sqlite>`\n  `Cow<'_, str>` implements `Type<Sqlite>`\n  `Json<T>` implements `Type<Sqlite>`\n  `JsonRawValue` implements `Type<DB>`\n  `JsonValue` implements `Type<DB>`\n  `NonZero<i16>` implements `Type<DB>`\nand 34 others","code":null,"level":"help","spans":[],"children":[],"rendered":null},{"message":"required by a bound in `Query::<'q, DB, <DB as sqlx::Database>::Arguments<'q>>::bind`","code":null,"level":"note","spans":[{"file_name":"/Users/yoonsoochang/.cargo/registry/src/index.crates.io-1949cf8c6b5b557f/sqlx-core-0.8.6/src/query.rs","byte_start":3105,"byte_end":3113,"line_start":86,"line_end":86,"column_start":42,"column_end":50,"is_primary":true,"text":[{"text":"    pub fn bind<T: 'q + Encode<'q, DB> + Type<DB>>(mut self, value: T) -> Self {","highlight_start":42,"highlight_end":50}],"label":"required by this bound in `Query::<'q, DB, <DB as Database>::Arguments<'q>>::bind`","suggested_replacement":null,"suggestion_applicability":null,"expansion":null}],"children":[],"rendered":null}],"rendered":"\u001b[1m\u001b[91merror[E0277]\u001b[0m\u001b[1m: the trait bound `chrono::datetime::DateTime<chrono::offset::utc::Utc>: Type<_>` is not satisfied\u001b[0m\n  \u001b[1m\u001b[94m--> \u001b[0mcrates/storage/src/lib.rs:78:15\n   \u001b[1m\u001b[94m|\u001b[0m\n\u001b[1m\u001b[94m78\u001b[0m \u001b[1m\u001b[94m|\u001b[0m         .bind(article.published_at)\n   \u001b[1m\u001b[94m|\u001b[0m          \u001b[1m\u001b[94m----\u001b[0m \u001b[1m\u001b[91m^^^^^^^^^^^^^^^^^^^^\u001b[0m \u001b[1m\u001b[91mthe trait `Type<_>` is not implemented for `chrono::datetime::DateTime<chrono::offset::utc::Utc>`\u001b[0m\n   \u001b[1m\u001b[94m|\u001b[0m          \u001b[1m\u001b[94m|\u001b[0m\n   \u001b[1m\u001b[94m|\u001b[0m          \u001b[1m\u001b[94mrequired by a bound introduced by this call\u001b[0m\n   \u001b[1m\u001b[94m|\u001b[0m\n   \u001b[1m\u001b[94m= \u001b[0m\u001b[1mhelp\u001b[0m: the following other types implement trait `Type<DB>`:\n             `&T` implements `Type<DB>`\n             `Box<[u8]>` implements `Type<Sqlite>`\n             `Box<str>` implements `Type<Sqlite>`\n             `Cow<'_, str>` implements `Type<Sqlite>`\n             `Json<T>` implements `Type<Sqlite>`\n             `JsonRawValue` implements `Type<DB>`\n             `JsonValue` implements `Type<DB>`\n             `NonZero<i16>` implements `Type<DB>`\n           and 34 others\n\u001b[1m\u001b[92mnote\u001b[0m: required by a bound in `Query::<'q, DB, <DB as sqlx::Database>::Arguments<'q>>::bind`\n  \u001b[1m\u001b[94m--> \u001b[0m/Users/yoonsoochang/.cargo/registry/src/index.crates.io-1949cf8c6b5b557f/sqlx-core-0.8.6/src/query.rs:86:42\n   \u001b[1m\u001b[94m|\u001b[0m\n\u001b[1m\u001b[94m86\u001b[0m \u001b[1m\u001b[94m|\u001b[0m     pub fn bind<T: 'q + Encode<'q, DB> + Type<DB>>(mut self, value: T) -> Self {\n   \u001b[1m\u001b[94m|\u001b[0m                                          \u001b[1m\u001b[92m^^^^^^^^\u001b[0m \u001b[1m\u001b[92mrequired by this bound in `Query::<'q, DB, <DB as Database>::Arguments<'q>>::bind`\u001b[0m\n\n"}
{"$message_type":"diagnostic","message":"the trait bound `chrono::datetime::DateTime<chrono::offset::utc::Utc>: sqlx::Encode<'_, _>` is not satisfied","code":{"code":"E0277","explanation":"You tried to use a type which doesn't implement some trait in a place which\nexpected that trait.\n\nErroneous code example:\n\n```compile_fail,E0277\n// here we declare the Foo trait with a bar method\ntrait Foo {\n    fn bar(&self);\n}\n\n// we now declare a function which takes an object implementing the Foo trait\nfn some_func<T: Foo>(foo: T) {\n    foo.bar();\n}\n\nfn main() {\n    // we now call the method with the i32 type, which doesn't implement\n    // the Foo trait\n    some_func(5i32); // error: the trait bound `i32 : Foo` is not satisfied\n}\n```\n\nIn order to fix this error, verify that the type you're using does implement\nthe trait. Example:\n\n```\ntrait Foo {\n    fn bar(&self);\n}\n\n// we implement the trait on the i32 type\nimpl Foo for i32 {\n    fn bar(&self) {}\n}\n\nfn some_func<T: Foo>(foo: T) {\n    foo.bar(); // we can now use this method since i32 implements the\n               // Foo trait\n}\n\nfn main() {\n    some_func(5i32); // ok!\n}\n```\n\nOr in a generic context, an erroneous code example would look like:\n\n```compile_fail,E0277\nfn some_func<T>(foo: T) {\n    println!(\"{:?}\", foo); // error: the trait `core::fmt::Debug` is not\n                           //        implemented for the type `T`\n}\n\nfn main() {\n    // We now call the method with the i32 type,\n    // which *does* implement the Debug trait.\n    some_func(5i32);\n}\n```\n\nNote that the error here is in the definition of the generic function. Although\nwe only call it with a parameter that does implement `Debug`, the compiler\nstill rejects the function. It must work with all possible input types. In\norder to make this example compile, we need to restrict the generic type we're\naccepting:\n\n```\nuse std::fmt;\n\n// Restrict the input type to types that implement Debug.\nfn some_func<T: fmt::Debug>(foo: T) {\n    println!(\"{:?}\", foo);\n}\n\nfn main() {\n    // Calling the method is still fine, as i32 implements Debug.\n    some_func(5i32);\n\n    // This would fail to compile now:\n    // struct WithoutDebug;\n    // some_func(WithoutDebug);\n}\n```\n\nRust only looks at the signature of the called function, as such it must\nalready specify all requirements that will be used for every type parameter.\n"},"level":"error","spans":[{"file_name":"crates/storage/src/lib.rs","byte_start":2228,"byte_end":2248,"line_start":79,"line_end":79,"column_start":15,"column_end":35,"is_primary":true,"text":[{"text":"        .bind(article.collected_at)","highlight_start":15,"highlight_end":35}],"label":"the trait `sqlx::Encode<'_, _>` is not implemented for `chrono::datetime::DateTime<chrono::offset::utc::Utc>`","suggested_replacement":null,"suggestion_applicability":null,"expansion":null},{"file_name":"crates/storage/src/lib.rs","byte_start":2223,"byte_end":2227,"line_start":79,"line_end":79,"column_start":10,"column_end":14,"is_primary":false,"text":[{"text":"        .bind(article.collected_at)","highlight_start":10,"highlight_end":14}],"label":"required by a bound introduced by this call","suggested_replacement":null,"suggestion_applicability":null,"expansion":null}],"children":[{"message":"the following other types implement trait `sqlx::Encode<'q, DB>`:\n  `&'a str` implements `sqlx::Encode<'a, sqlx::Any>`\n  `&'q [u8]` implements `sqlx::Encode<'q, Sqlite>`\n  `&'q [u8]` implements `sqlx::Encode<'q, sqlx::Any>`\n  `&'q str` implements `sqlx::Encode<'q, Sqlite>`\n  `&T` implements `sqlx::Encode<'q, DB>`\n  `Box<[u8]>` implements `sqlx::Encode<'_, Sqlite>`\n  `Box<str>` implements `sqlx::Encode<'_, Sqlite>`\n  `Cow<'q, str>` implements `sqlx::Encode<'q, Sqlite>`\nand 33 others","code":null,"level":"help","spans":[],"children":[],"rendered":null},{"message":"required by a bound in `Query::<'q, DB, <DB as sqlx::Database>::Arguments<'q>>::bind`","code":null,"level":"note","spans":[{"file_name":"/Users/yoonsoochang/.cargo/registry/src/index.crates.io-1949cf8c6b5b557f/sqlx-core-0.8.6/src/query.rs","byte_start":3088,"byte_end":3102,"line_start":86,"line_end":86,"column_start":25,"column_end":39,"is_primary":true,"text":[{"text":"    pub fn bind<T: 'q + Encode<'q, DB> + Type<DB>>(mut self, value: T) -> Self {","highlight_start":25,"highlight_end":39}],"label":"required by this bound in `Query::<'q, DB, <DB as Database>::Arguments<'q>>::bind`","suggested_replacement":null,"suggestion_applicability":null,"expansion":null}],"children":[],"rendered":null}],"rendered":"\u001b[1m\u001b[91merror[E0277]\u001b[0m\u001b[1m: the trait bound `chrono::datetime::DateTime<chrono::offset::utc::Utc>: sqlx::Encode<'_, _>` is not satisfied\u001b[0m\n  \u001b[1m\u001b[94m--> \u001b[0mcrates/storage/src/lib.rs:79:15\n   \u001b[1m\u001b[94m|\u001b[0m\n\u001b[1m\u001b[94m79\u001b[0m \u001b[1m\u001b[94m|\u001b[0m         .bind(article.collected_at)\n   \u001b[1m\u001b[94m|\u001b[0m          \u001b[1m\u001b[94m----\u001b[0m \u001b[1m\u001b[91m^^^^^^^^^^^^^^^^^^^^\u001b[0m \u001b[1m\u001b[91mthe trait `sqlx::Encode<'_, _>` is not implemented for `chrono::datetime::DateTime<chrono::offset::utc::Utc>`\u001b[0m\n   \u001b[1m\u001b[94m|\u001b[0m          \u001b[1m\u001b[94m|\u001b[0m\n   \u001b[1m\u001b[94m|\u001b[0m          \u001b[1m\u001b[94mrequired by a bound introduced by this call\u001b[0m\n   \u001b[1m\u001b[94m|\u001b[0m\n   \u001b[1m\u001b[94m= \u001b[0m\u001b[1mhelp\u001b[0m: the following other types implement trait `sqlx::Encode<'q, DB>`:\n             `&'a str` implements `sqlx::Encode<'a, sqlx::Any>`\n             `&'q [u8]` implements `sqlx::Encode<'q, Sqlite>`\n             `&'q [u8]` implements `sqlx::Encode<'q, sqlx::Any>`\n             `&'q str` implements `sqlx::Encode<'q, Sqlite>`\n             `&T` implements `sqlx::Encode<'q, DB>`\n             `Box<[u8]>` implements `sqlx::Encode<'_, Sqlite>`\n             `Box<str>` implements `sqlx::Encode<'_, Sqlite>`\n             `Cow<'q, str>` implements `sqlx::Encode<'q, Sqlite>`\n           and 33 others\n\u001b[1m\u001b[92mnote\u001b[0m: required by a bound in `Query::<'q, DB, <DB as sqlx::Database>::Arguments<'q>>::bind`\n  \u001b[1m\u001b[94m--> \u001b[0m/Users/yoonsoochang/.cargo/registry/src/index.crates.io-1949cf8c6b5b557f/sqlx-core-0.8.6/src/query.rs:86:25\n   \u001b[1m\u001b[94m|\u001b[0m\n\u001b[1m\u001b[94m86\u001b[0m \u001b[1m\u001b[94m|\u001b[0m     pub fn bind<T: 'q + Encode<'q, DB> + Type<DB>>(mut self, value: T) -> Self {\n   \u001b[1m\u001b[94m|\u001b[0m                         \u001b[1m\u001b[92m^^^^^^^^^^^^^^\u001b[0m \u001b[1m\u001b[92mrequired by this bound in `Query::<'q, DB, <DB as Database>::Arguments<'q>>::bind`\u001b[0m\n\n"}
{"$message_type":"diagnostic","message":"the trait bound `chrono::datetime::DateTime<chrono::offset::utc::Utc>: Type<_>` is not satisfied","code":{"code":"E0277","explanation":"You tried to use a type which doesn't implement some trait in a place which\nexpected that trait.\n\nErroneous code example:\n\n```compile_fail,E0277\n// here we declare the Foo trait with a bar method\ntrait Foo {\n    fn bar(&self);\n}\n\n// we now declare a function which takes an object implementing the Foo trait\nfn some_func<T: Foo>(foo: T) {\n    foo.bar();\n}\n\nfn main() {\n    // we now call the method with the i32 type, which doesn't implement\n    // the Foo trait\n    some_func(5i32); // error: the trait bound `i32 : Foo` is not satisfied\n}\n```\n\nIn order to fix this error, verify that the type you're using does implement\nthe trait. Example:\n\n```\ntrait Foo {\n    fn bar(&self);\n}\n\n// we implement the trait on the i32 type\nimpl Foo for i32 {\n    fn bar(&self) {}\n}\n\nfn some_func<T: Foo>(foo: T) {\n    foo.bar(); // we can now use this method since i32 implements the\n               // Foo trait\n}\n\nfn main() {\n    some_func(5i32); // ok!\n}\n```\n\nOr in a generic context, an erroneous code example would look like:\n\n```compile_fail,E0277\nfn some_func<T>(foo: T) {\n    println!(\"{:?}\", foo); // error: the trait `core::fmt::Debug` is not\n                           //        implemented for the type `T`\n}\n\nfn main() {\n    // We now call the method with the i32 type,\n    // which *does* implement the Debug trait.\n    some_func(5i32);\n}\n```\n\nNote that the error here is in the definition of the generic function. Although\nwe only call it with a parameter that does implement `Debug`, the compiler\nstill rejects the function. It must work with all possible input types. In\norder to make this example compile, we need to restrict the generic type we're\naccepting:\n\n```\nuse std::fmt;\n\n// Restrict the input type to types that implement Debug.\nfn some_func<T: fmt::Debug>(foo: T) {\n    println!(\"{:?}\", foo);\n}\n\nfn main() {\n    // Calling the method is still fine, as i32 implements Debug.\n    some_func(5i32);\n\n    // This would fail to compile now:\n    // struct WithoutDebug;\n    // some_func(WithoutDebug);\n}\n```\n\nRust only looks at the signature of the called function, as such it must\nalready specify all requirements that will be used for every type parameter.\n"},"level":"error","spans":[{"file_name":"crates/storage/src/lib.rs","byte_start":2228,"byte_end":2248,"line_start":79,"line_end":79,"column_start":15,"column_end":35,"is_primary":true,"text":[{"text":"        .bind(article.collected_at)","highlight_start":15,"highlight_end":35}],"label":"the trait `Type<_>` is not implemented for `chrono::datetime::DateTime<chrono::offset::utc::Utc>`","suggested_replacement":null,"suggestion_applicability":null,"expansion":null},{"file_name":"crates/storage/src/lib.rs","byte_start":2223,"byte_end":2227,"line_start":79,"line_end":79,"column_start":10,"column_end":14,"is_primary":false,"text":[{"text":"        .bind(article.collected_at)","highlight_start":10,"highlight_end":14}],"label":"required by a bound introduced by this call","suggested_replacement":null,"suggestion_applicability":null,"expansion":null}],"children":[{"message":"the following other types implement trait `Type<DB>`:\n  `&T` implements `Type<DB>`\n  `Box<[u8]>` implements `Type<Sqlite>`\n  `Box<str>` implements `Type<Sqlite>`\n  `Cow<'_, str>` implements `Type<Sqlite>`\n  `Json<T>` implements `Type<Sqlite>`\n  `JsonRawValue` implements `Type<DB>`\n  `JsonValue` implements `Type<DB>`\n  `NonZero<i16>` implements `Type<DB>`\nand 34 others","code":null,"level":"help","spans":[],"children":[],"rendered":null},{"message":"required by a bound in `Query::<'q, DB, <DB as sqlx::Database>::Arguments<'q>>::bind`","code":null,"level":"note","spans":[{"file_name":"/Users/yoonsoochang/.cargo/registry/src/index.crates.io-1949cf8c6b5b557f/sqlx-core-0.8.6/src/query.rs","byte_start":3105,"byte_end":3113,"line_start":86,"line_end":86,"column_start":42,"column_end":50,"is_primary":true,"text":[{"text":"    pub fn bind<T: 'q + Encode<'q, DB> + Type<DB>>(mut self, value: T) -> Self {","highlight_start":42,"highlight_end":50}],"label":"required by this bound in `Query::<'q, DB, <DB as Database>::Arguments<'q>>::bind`","suggested_replacement":null,"suggestion_applicability":null,"expansion":null}],"children":[],"rendered":null}],"rendered":"\u001b[1m\u001b[91merror[E0277]\u001b[0m\u001b[1m: the trait bound `chrono::datetime::DateTime<chrono::offset::utc::Utc>: Type<_>` is not satisfied\u001b[0m\n  \u001b[1m\u001b[94m--> \u001b[0mcrates/storage/src/lib.rs:79:15\n   \u001b[1m\u001b[94m|\u001b[0m\n\u001b[1m\u001b[94m79\u001b[0m \u001b[1m\u001b[94m|\u001b[0m         .bind(article.collected_at)\n   \u001b[1m\u001b[94m|\u001b[0m          \u001b[1m\u001b[94m----\u001b[0m \u001b[1m\u001b[91m^^^^^^^^^^^^^^^^^^^^\u001b[0m \u001b[1m\u001b[91mthe trait `Type<_>` is not implemented for `chrono::datetime::DateTime<chrono::offset::utc::Utc>`\u001b[0m\n   \u001b[1m\u001b[94m|\u001b[0m          \u001b[1m\u001b[94m|\u001b[0m\n   \u001b[1m\u001b[94m|\u001b[0m          \u001b[1m\u001b[94mrequired by a bound introduced by this call\u001b[0m\n   \u001b[1m\u001b[94m|\u001b[0m\n   \u001b[1m\u001b[94m= \u001b[0m\u001b[1mhelp\u001b[0m: the following other types implement trait `Type<DB>`:\n             `&T` implements `Type<DB>`\n             `Box<[u8]>` implements `Type<Sqlite>`\n             `Box<str>` implements `Type<Sqlite>`\n             `Cow<'_, str>` implements `Type<Sqlite>`\n             `Json<T>` implements `Type<Sqlite>`\n             `JsonRawValue` implements `Type<DB>`\n             `JsonValue` implements `Type<DB>`\n             `NonZero<i16>` implements `Type<DB>`\n           and 34 others\n\u001b[1m\u001b[92mnote\u001b[0m: required by a bound in `Query::<'q, DB, <DB as sqlx::Database>::Arguments<'q>>::bind`\n  \u001b[1m\u001b[94m--> \u001b[0m/Users/yoonsoochang/.cargo/registry/src/index.crates.io-1949cf8c6b5b557f/sqlx-core-0.8.6/src/query.rs:86:42\n   \u001b[1m\u001b[94m|\u001b[0m\n\u001b[1m\u001b[94m86\u001b[0m \u001b[1m\u001b[94m|\u001b[0m     pub fn bind<T: 'q + Encode<'q, DB> + Type<DB>>(mut self, value: T) -> Self {\n   \u001b[1m\u001b[94m|\u001b[0m                                          \u001b[1m\u001b[92m^^^^^^^^\u001b[0m \u001b[1m\u001b[92mrequired by this bound in `Query::<'q, DB, <DB as Database>::Arguments<'q>>::bind`\u001b[0m\n\n"}
{"$message_type":"diagnostic","message":"aborting due to 4 previous errors","code":null,"level":"error","spans":[],"children":[],"rendered":"\u001b[1m\u001b[91merror\u001b[0m\u001b[1m: aborting due to 4 previous errors\u001b[0m\n\n"}
{"$message_type":"diagnostic","message":"For more information about this error, try `rustc --explain E0277`.","code":null,"level":"failure-note","spans":[],"children":[],"rendered":"\u001b[1mFor more information about this error, try `rustc --explain E0277`.\u001b[0m\n"}
